#
# There is insufficient memory for the Java Runtime Environment to continue.
# Native memory allocation (malloc) failed to allocate 449248 bytes for Chunk::new
# Possible reasons:
#   The system is out of physical RAM or swap space
#   In 32 bit mode, the process size limit was hit
# Possible solutions:
#   Reduce memory load on the system
#   Increase physical memory or swap space
#   Check if swap backing store is full
#   Use 64 bit Java on a 64 bit OS
#   Decrease Java heap size (-Xmx/-Xms)
#   Decrease number of Java threads
#   Decrease Java thread stack sizes (-Xss)
#   Set larger code cache with -XX:ReservedCodeCacheSize=
# This output file may be truncated or incomplete.
#
#  Out of Memory Error (allocation.cpp:390), pid=5660, tid=6608
#
# JRE version: Java(TM) SE Runtime Environment (8.0_31-b13) (build 1.8.0_31-b13)
# Java VM: Java HotSpot(TM) 64-Bit Server VM (25.31-b07 mixed mode windows-amd64 compressed oops)
# Failed to write core dump. Minidumps are not enabled by default on client versions of Windows
#

---------------  T H R E A D  ---------------

Current thread (0x0000000014e1b000):  JavaThread "C2 CompilerThread0" daemon [_thread_in_native, id=6608, stack(0x0000000016320000,0x0000000016420000)]

Stack: [0x0000000016320000,0x0000000016420000]
Native frames: (J=compiled Java code, j=interpreted, Vv=VM code, C=native code)
V  [jvm.dll+0x3169ba]
V  [jvm.dll+0x2674c3]
V  [jvm.dll+0x268103]
V  [jvm.dll+0x25f8f5]
V  [jvm.dll+0xbf025]
V  [jvm.dll+0xbf4cc]
V  [jvm.dll+0x479917]
V  [jvm.dll+0x4469b3]
V  [jvm.dll+0x451bce]
V  [jvm.dll+0x4541b8]
V  [jvm.dll+0x437c62]
V  [jvm.dll+0x988e2]
V  [jvm.dll+0x990d3]
V  [jvm.dll+0x22c194]
V  [jvm.dll+0x28576a]
C  [msvcr100.dll+0x21d9f]
C  [msvcr100.dll+0x21e3b]
C  [KERNEL32.DLL+0x168d]
C  [ntdll.dll+0x74629]


Current CompileTask:
C2:   4899 2341   !   4       javafx.scene.CssStyleHelper::transitionToState (964 bytes)


---------------  P R O C E S S  ---------------

Java Threads: ( => current thread )
  0x0000000019d4c800 JavaThread "Prism Font Disposer" daemon [_thread_blocked, id=4360, stack(0x000000001f9b0000,0x000000001fab0000)]
  0x0000000019b26000 JavaThread "AWT-Windows" daemon [_thread_in_native, id=6240, stack(0x000000001eba0000,0x000000001eca0000)]
  0x000000001936c800 JavaThread "Java2D Disposer" daemon [_thread_blocked, id=4240, stack(0x000000001e9a0000,0x000000001eaa0000)]
  0x0000000018c8e800 JavaThread "JavaFX-Launcher" [_thread_blocked, id=6548, stack(0x0000000019420000,0x0000000019520000)]
  0x00000000167e0800 JavaThread "Thread-2" daemon [_thread_in_native, id=2436, stack(0x0000000018b20000,0x0000000018c20000)]
  0x0000000016774000 JavaThread "JavaFX Application Thread" [_thread_in_Java, id=1884, stack(0x0000000017090000,0x0000000017190000)]
  0x0000000016760000 JavaThread "Thread-1" daemon [_thread_blocked, id=6636, stack(0x0000000016ed0000,0x0000000016fd0000)]
  0x0000000016758000 JavaThread "QuantumRenderer-0" daemon [_thread_blocked, id=5008, stack(0x0000000016c20000,0x0000000016d20000)]
  0x0000000014e2e800 JavaThread "Service Thread" daemon [_thread_blocked, id=2296, stack(0x0000000016a20000,0x0000000016b20000)]
  0x0000000014e23800 JavaThread "C1 CompilerThread2" daemon [_thread_blocked, id=3584, stack(0x0000000016920000,0x0000000016a20000)]
  0x0000000014e1d000 JavaThread "C2 CompilerThread1" daemon [_thread_in_native, id=7152, stack(0x0000000016820000,0x0000000016920000)]
=>0x0000000014e1b000 JavaThread "C2 CompilerThread0" daemon [_thread_in_native, id=6608, stack(0x0000000016320000,0x0000000016420000)]
  0x0000000014e18000 JavaThread "Attach Listener" daemon [_thread_blocked, id=6936, stack(0x0000000016220000,0x0000000016320000)]
  0x0000000014e17800 JavaThread "Signal Dispatcher" daemon [_thread_blocked, id=1948, stack(0x0000000016120000,0x0000000016220000)]
  0x00000000026c5800 JavaThread "Finalizer" daemon [_thread_blocked, id=7060, stack(0x0000000016020000,0x0000000016120000)]
  0x00000000026bd000 JavaThread "Reference Handler" daemon [_thread_blocked, id=2484, stack(0x0000000015f20000,0x0000000016020000)]
  0x000000000279e000 JavaThread "main" [_thread_blocked, id=6228, stack(0x0000000002470000,0x0000000002570000)]

Other Threads:
  0x0000000014d96800 VMThread [stack: 0x0000000015e20000,0x0000000015f20000] [id=6056]
  0x00000000164a9800 WatcherThread [stack: 0x0000000016b20000,0x0000000016c20000] [id=1316]

VM state:not at safepoint (normal execution)

VM Mutex/Monitor currently owned by a thread: None

Heap:
 PSYoungGen      total 18944K, used 8046K [0x00000000eb000000, 0x00000000ed400000, 0x0000000100000000)
  eden space 16384K, 33% used [0x00000000eb000000,0x00000000eb56ee28,0x00000000ec000000)
  from space 2560K, 96% used [0x00000000ec000000,0x00000000ec26ca90,0x00000000ec280000)
  to   space 7168K, 0% used [0x00000000ecd00000,0x00000000ecd00000,0x00000000ed400000)
 ParOldGen       total 41984K, used 12542K [0x00000000c1000000, 0x00000000c3900000, 0x00000000eb000000)
  object space 41984K, 29% used [0x00000000c1000000,0x00000000c1c3fb88,0x00000000c3900000)
 Metaspace       used 20904K, capacity 22012K, committed 22272K, reserved 1069056K
  class space    used 3083K, capacity 3290K, committed 3328K, reserved 1048576K

Card table byte_map: [0x0000000011b60000,0x0000000011d60000] byte_map_base: 0x0000000011558000

Marking Bits: (ParMarkBitMap*) 0x000000007201d4f0
 Begin Bits: [0x00000000122b0000, 0x0000000013270000)
 End Bits:   [0x0000000013270000, 0x0000000014230000)

Polling page: 0x0000000000d00000

CodeCache: size=245760Kb used=8933Kb max_used=8933Kb free=236826Kb
 bounds [0x00000000027a0000, 0x0000000003060000, 0x00000000117a0000]
 total_blobs=3287 nmethods=2630 adapters=569
 compilation: disabled (not enough contiguous free space left)

Compilation events (10 events):
Event: 4.851 Thread 0x0000000014e23800 nmethod 2567 0x0000000003034b90 code [0x0000000003034d20, 0x0000000003035308]
Event: 4.851 Thread 0x0000000014e23800 2568       3       javafx.scene.control.SkinBase::consumeMouseEvents (34 bytes)
Event: 4.852 Thread 0x0000000014e23800 nmethod 2568 0x00000000030354d0 code [0x0000000003035700, 0x00000000030361c8]
Event: 4.855 Thread 0x0000000014e23800 2570       2       javafx.scene.Parent::childBoundsChanged (16 bytes)
Event: 4.856 Thread 0x0000000014e23800 nmethod 2570 0x0000000003036790 code [0x0000000003036900, 0x0000000003036ab8]
Event: 4.856 Thread 0x0000000014e23800 2571       3       javafx.scene.Node::getOrientationParent (24 bytes)
Event: 4.856 Thread 0x0000000014e23800 nmethod 2571 0x0000000003036b90 code [0x0000000003036d20, 0x00000000030373e8]
Event: 4.857 Thread 0x0000000014e23800 2572       3       javafx.scene.Node::impl_geomChanged (45 bytes)
Event: 4.858 Thread 0x0000000014e23800 nmethod 2572 0x0000000003037590 code [0x00000000030377a0, 0x00000000030382c8]
Event: 4.858 Thread 0x0000000014e23800 2573       3       javafx.scene.Node::transformedBoundsChanged (43 bytes)

GC Heap History (10 events):
Event: 3.244 GC heap before
{Heap before GC invocations=2 (full 0):
 PSYoungGen      total 18944K, used 18916K [0x00000000eb000000, 0x00000000ec500000, 0x0000000100000000)
  eden space 16384K, 100% used [0x00000000eb000000,0x00000000ec000000,0x00000000ec000000)
  from space 2560K, 98% used [0x00000000ec000000,0x00000000ec279390,0x00000000ec280000)
  to   space 2560K, 0% used [0x00000000ec280000,0x00000000ec280000,0x00000000ec500000)
 ParOldGen       total 44032K, used 464K [0x00000000c1000000, 0x00000000c3b00000, 0x00000000eb000000)
  object space 44032K, 1% used [0x00000000c1000000,0x00000000c1074018,0x00000000c3b00000)
 Metaspace       used 16744K, capacity 17390K, committed 17664K, reserved 1064960K
  class space    used 2346K, capacity 2511K, committed 2560K, reserved 1048576K
Event: 3.255 GC heap after
Heap after GC invocations=2 (full 0):
 PSYoungGen      total 18944K, used 2544K [0x00000000eb000000, 0x00000000ec500000, 0x0000000100000000)
  eden space 16384K, 0% used [0x00000000eb000000,0x00000000eb000000,0x00000000ec000000)
  from space 2560K, 99% used [0x00000000ec280000,0x00000000ec4fc030,0x00000000ec500000)
  to   space 2560K, 0% used [0x00000000ec000000,0x00000000ec000000,0x00000000ec280000)
 ParOldGen       total 44032K, used 4863K [0x00000000c1000000, 0x00000000c3b00000, 0x00000000eb000000)
  object space 44032K, 11% used [0x00000000c1000000,0x00000000c14bfdf8,0x00000000c3b00000)
 Metaspace       used 16744K, capacity 17390K, committed 17664K, reserved 1064960K
  class space    used 2346K, capacity 2511K, committed 2560K, reserved 1048576K
}
Event: 3.883 GC heap before
{Heap before GC invocations=3 (full 0):
 PSYoungGen      total 18944K, used 18928K [0x00000000eb000000, 0x00000000ec500000, 0x0000000100000000)
  eden space 16384K, 100% used [0x00000000eb000000,0x00000000ec000000,0x00000000ec000000)
  from space 2560K, 99% used [0x00000000ec280000,0x00000000ec4fc030,0x00000000ec500000)
  to   space 2560K, 0% used [0x00000000ec000000,0x00000000ec000000,0x00000000ec280000)
 ParOldGen       total 44032K, used 4863K [0x00000000c1000000, 0x00000000c3b00000, 0x00000000eb000000)
  object space 44032K, 11% used [0x00000000c1000000,0x00000000c14bfdf8,0x00000000c3b00000)
 Metaspace       used 19301K, capacity 20330K, committed 20480K, reserved 1067008K
  class space    used 2780K, capacity 2983K, committed 3072K, reserved 1048576K
Event: 3.892 GC heap after
Heap after GC invocations=3 (full 0):
 PSYoungGen      total 18944K, used 2528K [0x00000000eb000000, 0x00000000ec500000, 0x0000000100000000)
  eden space 16384K, 0% used [0x00000000eb000000,0x00000000eb000000,0x00000000ec000000)
  from space 2560K, 98% used [0x00000000ec000000,0x00000000ec278020,0x00000000ec280000)
  to   space 2560K, 0% used [0x00000000ec280000,0x00000000ec280000,0x00000000ec500000)
 ParOldGen       total 44032K, used 7391K [0x00000000c1000000, 0x00000000c3b00000, 0x00000000eb000000)
  object space 44032K, 16% used [0x00000000c1000000,0x00000000c1737ed0,0x00000000c3b00000)
 Metaspace       used 19301K, capacity 20330K, committed 20480K, reserved 1067008K
  class space    used 2780K, capacity 2983K, committed 3072K, reserved 1048576K
}
Event: 4.022 GC heap before
{Heap before GC invocations=4 (full 0):
 PSYoungGen      total 18944K, used 8277K [0x00000000eb000000, 0x00000000ec500000, 0x0000000100000000)
  eden space 16384K, 35% used [0x00000000eb000000,0x00000000eb59d6d8,0x00000000ec000000)
  from space 2560K, 98% used [0x00000000ec000000,0x00000000ec278020,0x00000000ec280000)
  to   space 2560K, 0% used [0x00000000ec280000,0x00000000ec280000,0x00000000ec500000)
 ParOldGen       total 44032K, used 7391K [0x00000000c1000000, 0x00000000c3b00000, 0x00000000eb000000)
  object space 44032K, 16% used [0x00000000c1000000,0x00000000c1737ed0,0x00000000c3b00000)
 Metaspace       used 20190K, capacity 21238K, committed 21296K, reserved 1067008K
  class space    used 2993K, capacity 3189K, committed 3200K, reserved 1048576K
Event: 4.030 GC heap after
Heap after GC invocations=4 (full 0):
 PSYoungGen      total 18944K, used 2528K [0x00000000eb000000, 0x00000000ed500000, 0x0000000100000000)
  eden space 16384K, 0% used [0x00000000eb000000,0x00000000eb000000,0x00000000ec000000)
  from space 2560K, 98% used [0x00000000ec280000,0x00000000ec4f8020,0x00000000ec500000)
  to   space 2560K, 0% used [0x00000000ec000000,0x00000000ec000000,0x00000000ec280000)
 ParOldGen       total 44032K, used 8023K [0x00000000c1000000, 0x00000000c3b00000, 0x00000000eb000000)
  object space 44032K, 18% used [0x00000000c1000000,0x00000000c17d5ee0,0x00000000c3b00000)
 Metaspace       used 20190K, capacity 21238K, committed 21296K, reserved 1067008K
  class space    used 2993K, capacity 3189K, committed 3200K, reserved 1048576K
}
Event: 4.030 GC heap before
{Heap before GC invocations=5 (full 1):
 PSYoungGen      total 18944K, used 2528K [0x00000000eb000000, 0x00000000ed500000, 0x0000000100000000)
  eden space 16384K, 0% used [0x00000000eb000000,0x00000000eb000000,0x00000000ec000000)
  from space 2560K, 98% used [0x00000000ec280000,0x00000000ec4f8020,0x00000000ec500000)
  to   space 2560K, 0% used [0x00000000ec000000,0x00000000ec000000,0x00000000ec280000)
 ParOldGen       total 44032K, used 8023K [0x00000000c1000000, 0x00000000c3b00000, 0x00000000eb000000)
  object space 44032K, 18% used [0x00000000c1000000,0x00000000c17d5ee0,0x00000000c3b00000)
 Metaspace       used 20190K, capacity 21238K, committed 21296K, reserved 1067008K
  class space    used 2993K, capacity 3189K, committed 3200K, reserved 1048576K
Event: 4.159 GC heap after
Heap after GC invocations=5 (full 1):
 PSYoungGen      total 18944K, used 0K [0x00000000eb000000, 0x00000000ed500000, 0x0000000100000000)
  eden space 16384K, 0% used [0x00000000eb000000,0x00000000eb000000,0x00000000ec000000)
  from space 2560K, 0% used [0x00000000ec280000,0x00000000ec280000,0x00000000ec500000)
  to   space 2560K, 0% used [0x00000000ec000000,0x00000000ec000000,0x00000000ec280000)
 ParOldGen       total 41984K, used 10092K [0x00000000c1000000, 0x00000000c3900000, 0x00000000eb000000)
  object space 41984K, 24% used [0x00000000c1000000,0x00000000c19db220,0x00000000c3900000)
 Metaspace       used 20189K, capacity 21236K, committed 21296K, reserved 1067008K
  class space    used 2993K, capacity 3188K, committed 3200K, reserved 1048576K
}
Event: 4.583 GC heap before
{Heap before GC invocations=6 (full 1):
 PSYoungGen      total 18944K, used 16384K [0x00000000eb000000, 0x00000000ed500000, 0x0000000100000000)
  eden space 16384K, 100% used [0x00000000eb000000,0x00000000ec000000,0x00000000ec000000)
  from space 2560K, 0% used [0x00000000ec280000,0x00000000ec280000,0x00000000ec500000)
  to   space 2560K, 0% used [0x00000000ec000000,0x00000000ec000000,0x00000000ec280000)
 ParOldGen       total 41984K, used 10092K [0x00000000c1000000, 0x00000000c3900000, 0x00000000eb000000)
  object space 41984K, 24% used [0x00000000c1000000,0x00000000c19db220,0x00000000c3900000)
 Metaspace       used 20534K, capacity 21660K, committed 21760K, reserved 1067008K
  class space    used 3044K, capacity 3258K, committed 3328K, reserved 1048576K
Event: 4.589 GC heap after
Heap after GC invocations=6 (full 1):
 PSYoungGen      total 18944K, used 2482K [0x00000000eb000000, 0x00000000ed400000, 0x0000000100000000)
  eden space 16384K, 0% used [0x00000000eb000000,0x00000000eb000000,0x00000000ec000000)
  from space 2560K, 96% used [0x00000000ec000000,0x00000000ec26ca90,0x00000000ec280000)
  to   space 7168K, 0% used [0x00000000ecd00000,0x00000000ecd00000,0x00000000ed400000)
 ParOldGen       total 41984K, used 12542K [0x00000000c1000000, 0x00000000c3900000, 0x00000000eb000000)
  object space 41984K, 29% used [0x00000000c1000000,0x00000000c1c3fb88,0x00000000c3900000)
 Metaspace       used 20534K, capacity 21660K, committed 21760K, reserved 1067008K
  class space    used 3044K, capacity 3258K, committed 3328K, reserved 1048576K
}

Deoptimization events (10 events):
Event: 3.749 Thread 0x0000000016774000 Uncommon trap: reason=bimorphic action=maybe_recompile pc=0x0000000002b7cdf0 method=java.io.SequenceInputStream.read()I @ 13
Event: 3.749 Thread 0x0000000016774000 Uncommon trap: reason=bimorphic action=maybe_recompile pc=0x0000000002b5ccc8 method=java.io.SequenceInputStream.read()I @ 13
Event: 3.782 Thread 0x0000000016774000 Uncommon trap: reason=array_check action=maybe_recompile pc=0x0000000002dfc824 method=com.sun.javafx.css.CompoundSelector.applies(Ljavafx/css/Styleable;[Ljava/util/Set;I)Z @ 128
Event: 3.783 Thread 0x0000000016774000 Uncommon trap: reason=array_check action=maybe_recompile pc=0x0000000002dfc824 method=com.sun.javafx.css.CompoundSelector.applies(Ljavafx/css/Styleable;[Ljava/util/Set;I)Z @ 128
Event: 3.783 Thread 0x0000000016774000 Uncommon trap: reason=array_check action=maybe_recompile pc=0x0000000002dfc824 method=com.sun.javafx.css.CompoundSelector.applies(Ljavafx/css/Styleable;[Ljava/util/Set;I)Z @ 128
Event: 3.783 Thread 0x0000000016774000 Uncommon trap: reason=array_check action=maybe_recompile pc=0x0000000002dfc824 method=com.sun.javafx.css.CompoundSelector.applies(Ljavafx/css/Styleable;[Ljava/util/Set;I)Z @ 128
Event: 4.224 Thread 0x0000000016774000 Uncommon trap: reason=unreached action=reinterpret pc=0x0000000002e75c78 method=java.util.WeakHashMap.expungeStaleEntries()V @ 9
Event: 4.384 Thread 0x0000000016774000 Uncommon trap: reason=unloaded action=reinterpret pc=0x0000000002ddfa18 method=javafx.scene.Parent.impl_getAllParentStylesheets()Ljava/util/List; @ 39
Event: 4.855 Thread 0x0000000016774000 Uncommon trap: reason=unreached action=reinterpret pc=0x0000000002f60490 method=javafx.scene.Node.notifyParentOfBoundsChange()V @ 18
Event: 4.855 Thread 0x0000000016774000 Uncommon trap: reason=unreached action=reinterpret pc=0x0000000002f5a3a0 method=javafx.scene.Node.notifyParentOfBoundsChange()V @ 18

Internal exceptions (10 events):
Event: 3.487 Thread 0x0000000016774000 Exception <a 'java/security/PrivilegedActionException'> (0x00000000eb3f59f0) thrown at [C:\workspace\8-2-build-windows-amd64-cygwin\jdk8u31\2394\hotspot\src\share\vm\prims\jvm.cpp, line 1312]
Event: 3.598 Thread 0x0000000016774000 Exception <a 'java/security/PrivilegedActionException'> (0x00000000eb61f688) thrown at [C:\workspace\8-2-build-windows-amd64-cygwin\jdk8u31\2394\hotspot\src\share\vm\prims\jvm.cpp, line 1312]
Event: 3.624 Thread 0x0000000016774000 Exception <a 'java/security/PrivilegedActionException'> (0x00000000eb6ce828) thrown at [C:\workspace\8-2-build-windows-amd64-cygwin\jdk8u31\2394\hotspot\src\share\vm\prims\jvm.cpp, line 1312]
Event: 3.656 Thread 0x0000000016774000 Exception <a 'java/security/PrivilegedActionException'> (0x00000000eb749ae8) thrown at [C:\workspace\8-2-build-windows-amd64-cygwin\jdk8u31\2394\hotspot\src\share\vm\prims\jvm.cpp, line 1312]
Event: 3.656 Thread 0x0000000016774000 Exception <a 'java/security/PrivilegedActionException'> (0x00000000eb74e658) thrown at [C:\workspace\8-2-build-windows-amd64-cygwin\jdk8u31\2394\hotspot\src\share\vm\prims\jvm.cpp, line 1312]
Event: 3.657 Thread 0x0000000016774000 Exception <a 'java/security/PrivilegedActionException'> (0x00000000eb750ab0) thrown at [C:\workspace\8-2-build-windows-amd64-cygwin\jdk8u31\2394\hotspot\src\share\vm\prims\jvm.cpp, line 1312]
Event: 3.657 Thread 0x0000000016774000 Exception <a 'java/security/PrivilegedActionException'> (0x00000000eb7536e0) thrown at [C:\workspace\8-2-build-windows-amd64-cygwin\jdk8u31\2394\hotspot\src\share\vm\prims\jvm.cpp, line 1312]
Event: 3.686 Thread 0x0000000016774000 Exception <a 'java/security/PrivilegedActionException'> (0x00000000eb80b338) thrown at [C:\workspace\8-2-build-windows-amd64-cygwin\jdk8u31\2394\hotspot\src\share\vm\prims\jvm.cpp, line 1312]
Event: 3.688 Thread 0x0000000016774000 Exception <a 'java/security/PrivilegedActionException'> (0x00000000eb8221b0) thrown at [C:\workspace\8-2-build-windows-amd64-cygwin\jdk8u31\2394\hotspot\src\share\vm\prims\jvm.cpp, line 1312]
Event: 3.690 Thread 0x0000000016774000 Exception <a 'java/security/PrivilegedActionException'> (0x00000000eb83be00) thrown at [C:\workspace\8-2-build-windows-amd64-cygwin\jdk8u31\2394\hotspot\src\share\vm\prims\jvm.cpp, line 1312]

Events (10 events):
Event: 4.855 Thread 0x0000000016774000 Uncommon trap: trap_request=0xffffffad fr.pc=0x0000000002f60490
Event: 4.855 Thread 0x0000000016774000 DEOPT PACKING pc=0x0000000002f60490 sp=0x000000001718c9e0
Event: 4.855 Thread 0x0000000016774000 DEOPT UNPACKING pc=0x00000000027e556a sp=0x000000001718c8f0 mode 2
Event: 4.855 Thread 0x0000000016774000 Uncommon trap: trap_request=0xffffffad fr.pc=0x0000000002f5a3a0
Event: 4.855 Thread 0x0000000016774000 DEOPT PACKING pc=0x0000000002f5a3a0 sp=0x000000001718c980
Event: 4.855 Thread 0x0000000016774000 DEOPT UNPACKING pc=0x00000000027e556a sp=0x000000001718c8e8 mode 2
Event: 4.856 loading class javafx/scene/Node$NodeTransformation$10
Event: 4.856 loading class javafx/scene/Node$NodeTransformation$10 done
Event: 4.856 loading class com/sun/javafx/scene/control/skin/TabPaneSkin$3
Event: 4.856 loading class com/sun/javafx/scene/control/skin/TabPaneSkin$3 done


Dynamic libraries:
0x00007ff6c6e20000 - 0x00007ff6c6e54000 	C:\Program Files\Java\jdk1.8.0_31\jre\bin\java.exe
0x00007ffa27c50000 - 0x00007ffa27dfa000 	C:\WINDOWS\SYSTEM32\ntdll.dll
0x00007ffa25750000 - 0x00007ffa2588a000 	C:\WINDOWS\system32\KERNEL32.DLL
0x00007ffa25190000 - 0x00007ffa252a0000 	C:\WINDOWS\system32\KERNELBASE.dll
0x00007ffa23bf0000 - 0x00007ffa23c78000 	C:\WINDOWS\system32\apphelp.dll
0x00007ffa16760000 - 0x00007ffa167af000 	C:\WINDOWS\AppPatch\AppPatch64\AcGenral.DLL
0x00007ffa258a0000 - 0x00007ffa25947000 	C:\WINDOWS\system32\msvcrt.dll
0x00007ffa24d90000 - 0x00007ffa24dbb000 	C:\WINDOWS\SYSTEM32\SspiCli.dll
0x00007ffa27bf0000 - 0x00007ffa27c41000 	C:\WINDOWS\system32\SHLWAPI.dll
0x00007ffa25ae0000 - 0x00007ffa25c51000 	C:\WINDOWS\system32\USER32.dll
0x00007ffa25960000 - 0x00007ffa25ad8000 	C:\WINDOWS\system32\ole32.dll
0x00007ffa262f0000 - 0x00007ffa27707000 	C:\WINDOWS\system32\SHELL32.dll
0x00007ffa24590000 - 0x00007ffa245af000 	C:\WINDOWS\SYSTEM32\USERENV.dll
0x00007ffa25c60000 - 0x00007ffa25d05000 	C:\WINDOWS\system32\ADVAPI32.dll
0x00007ffa1dcd0000 - 0x00007ffa1dceb000 	C:\WINDOWS\SYSTEM32\MPR.dll
0x00007ffa27710000 - 0x00007ffa27846000 	C:\WINDOWS\system32\RPCRT4.dll
0x00007ffa256b0000 - 0x00007ffa25707000 	C:\WINDOWS\SYSTEM32\sechost.dll
0x00007ffa254d0000 - 0x00007ffa256a6000 	C:\WINDOWS\SYSTEM32\combase.dll
0x00007ffa27850000 - 0x00007ffa27995000 	C:\WINDOWS\system32\GDI32.dll
0x00007ffa24fc0000 - 0x00007ffa24fd4000 	C:\WINDOWS\SYSTEM32\profapi.dll
0x00007ffa23620000 - 0x00007ffa236bf000 	C:\WINDOWS\SYSTEM32\SHCORE.dll
0x00007ffa25710000 - 0x00007ffa25744000 	C:\WINDOWS\system32\IMM32.DLL
0x00007ffa260d0000 - 0x00007ffa26209000 	C:\WINDOWS\system32\MSCTF.dll
0x00007ffa22da0000 - 0x00007ffa22ffa000 	C:\WINDOWS\WinSxS\amd64_microsoft.windows.common-controls_6595b64144ccf1df_6.0.9600.17031_none_6242a4b3ecbb55a1\COMCTL32.dll
0x0000000071760000 - 0x0000000071832000 	C:\Program Files\Java\jdk1.8.0_31\jre\bin\msvcr100.dll
0x0000000071840000 - 0x000000007209a000 	C:\Program Files\Java\jdk1.8.0_31\jre\bin\server\jvm.dll
0x00007ffa220c0000 - 0x00007ffa220c9000 	C:\WINDOWS\SYSTEM32\WSOCK32.dll
0x00007ffa1c390000 - 0x00007ffa1c3af000 	C:\WINDOWS\SYSTEM32\WINMM.dll
0x00007ffa25db0000 - 0x00007ffa25db7000 	C:\WINDOWS\system32\PSAPI.DLL
0x00007ffa26010000 - 0x00007ffa26068000 	C:\WINDOWS\system32\WS2_32.dll
0x00007ffa1c360000 - 0x00007ffa1c38a000 	C:\WINDOWS\SYSTEM32\WINMMBASE.dll
0x00007ffa25950000 - 0x00007ffa25959000 	C:\WINDOWS\system32\NSI.dll
0x00007ffa25140000 - 0x00007ffa2518a000 	C:\WINDOWS\SYSTEM32\cfgmgr32.dll
0x00007ffa23e40000 - 0x00007ffa23e66000 	C:\WINDOWS\SYSTEM32\DEVOBJ.dll
0x0000000072730000 - 0x000000007273f000 	C:\Program Files\Java\jdk1.8.0_31\jre\bin\verify.dll
0x00000000714b0000 - 0x00000000714d8000 	C:\Program Files\Java\jdk1.8.0_31\jre\bin\java.dll
0x0000000071490000 - 0x00000000714a6000 	C:\Program Files\Java\jdk1.8.0_31\jre\bin\zip.dll
0x00000000724d0000 - 0x00000000724fc000 	C:\Program Files\Java\jdk1.8.0_31\jre\bin\prism_d3d.dll
0x00007ffa13840000 - 0x00007ffa13a4a000 	C:\WINDOWS\system32\d3d9.dll
0x00007ffa1dd40000 - 0x00007ffa1dd4a000 	C:\WINDOWS\SYSTEM32\VERSION.dll
0x00007ffa23450000 - 0x00007ffa23470000 	C:\WINDOWS\SYSTEM32\dwmapi.dll
0x00007ffa23cc0000 - 0x00007ffa23de1000 	C:\WINDOWS\system32\uxtheme.dll
0x00007ffa07ad0000 - 0x00007ffa086ef000 	C:\WINDOWS\SYSTEM32\igdumd64.dll
0x0000000072480000 - 0x00000000724c2000 	C:\Program Files\Java\jdk1.8.0_31\jre\bin\glass.dll
0x00007ffa25d10000 - 0x00007ffa25daa000 	C:\WINDOWS\system32\COMDLG32.dll
0x00007ffa26230000 - 0x00007ffa262e7000 	C:\WINDOWS\system32\OLEAUT32.dll
0x00007ffa20270000 - 0x00007ffa20308000 	C:\Program Files\Common Files\microsoft shared\ink\tiptsf.dll
0x00007ffa23e90000 - 0x00007ffa23e9a000 	C:\WINDOWS\SYSTEM32\kernel.appcore.dll
0x00007ffa24e30000 - 0x00007ffa24e3a000 	C:\WINDOWS\SYSTEM32\CRYPTBASE.dll
0x00007ffa24dd0000 - 0x00007ffa24e30000 	C:\WINDOWS\SYSTEM32\bcryptPrimitives.dll
0x00000000712b0000 - 0x0000000071448000 	C:\Program Files\Java\jdk1.8.0_31\jre\bin\awt.dll
0x0000000072450000 - 0x0000000072475000 	C:\Program Files\Java\jdk1.8.0_31\jre\bin\javafx_iio.dll
0x0000000072430000 - 0x0000000072445000 	C:\Program Files\Java\jdk1.8.0_31\jre\bin\javafx_font.dll
0x00007ffa21620000 - 0x00007ffa217ff000 	C:\WINDOWS\SYSTEM32\dwrite.dll
0x00007ffa25f60000 - 0x00007ffa26004000 	C:\WINDOWS\SYSTEM32\clbcatq.dll
0x00007ffa21e90000 - 0x00007ffa22023000 	C:\WINDOWS\SYSTEM32\WindowsCodecs.dll
0x00007ffa24840000 - 0x00007ffa2485e000 	C:\WINDOWS\SYSTEM32\CRYPTSP.dll
0x00007ffa24480000 - 0x00007ffa244b5000 	C:\WINDOWS\system32\rsaenh.dll
0x00007ffa24ab0000 - 0x00007ffa24ad6000 	C:\WINDOWS\SYSTEM32\bcrypt.dll
0x00007ffa19c70000 - 0x00007ffa19c99000 	C:\Program Files\Common Files\Microsoft Shared\Ink\rtscom.dll
0x00007ffa212f0000 - 0x00007ffa21353000 	C:\WINDOWS\SYSTEM32\oleacc.dll
0x00007ffa01ac0000 - 0x00007ffa01c48000 	C:\WINDOWS\SYSTEM32\dbghelp.dll

VM Arguments:
jvm_args: -Dfile.encoding=UTF-8 
java_command: src.RibbonMenu.DjvuMain
java_class_path (initial): E:\newwww\DjvuFinal\dist\Djvu++2.jar;C:\Program Files\Java\jdk1.8.0_31\jre\lib\javaws.jar;C:\Program Files\Java\jdk1.8.0_31\jre\lib\deploy.jar;C:\Program Files\Java\jdk1.8.0_31\jre\lib\plugin.jar;E:\newwww\DjvuFinal\Lib\AbsoluteLayout.jar;E:\newwww\DjvuFinal\Lib\AnimatonClass.jar;E:\newwww\DjvuFinal\Lib\JchromeTab.jar;E:\newwww\DjvuFinal\Lib\com.lowagie.text-2.1.7.jar;E:\newwww\DjvuFinal\Lib\fest-swing-1.2.jar;E:\newwww\DjvuFinal\Lib\flamingo-6.2.jar;E:\newwww\DjvuFinal\Lib\gson-2.2.4.jar;E:\newwww\DjvuFinal\Lib\itextpdf-5.5.5.jar;E:\newwww\DjvuFinal\Lib\jgoodies-forms.jar;E:\newwww\DjvuFinal\Lib\jgoodies-looks-2.4.1.jar;E:\newwww\DjvuFinal\Lib\junit-4.3.jar;E:\newwww\DjvuFinal\Lib\junit-4.4.jar;E:\newwww\DjvuFinal\Lib\mailapi.jar;E:\newwww\DjvuFinal\Lib\miglayout-4.0.jar;E:\newwww\DjvuFinal\Lib\trident.jar;E:\newwww\DjvuFinal\Lib\pdf-renderer.jar;E:\newwww\DjvuFinal\Lib\viewer_module.jar;E:\newwww\DjvuFinal\build\classes
Launcher Type: SUN_STANDARD

Environment Variables:
PATH=C:\ProgramData\Oracle\Java\javapath;C:\WINDOWS\system32;C:\WINDOWS;C:\WINDOWS\System32\Wbem;C:\WINDOWS\System32\WindowsPowerShell\v1.0\;C:\Program Files (x86)\Intel\OpenCL SDK\2.0\bin\x86;C:\Program Files (x86)\Intel\OpenCL SDK\2.0\bin\x64;C:\Program Files (x86)\Intel\OpenCL SDK\2.0\bin\x86;C:\Program Files (x86)\Intel\OpenCL SDK\2.0\bin\x64;C:\Oracle\Middleware\jdk160_24\bin;C:\Program Files (x86)\OpenVPN\bin;C:\Program Files\Microsoft SQL Server\110\Tools\Binn\;C:\Users\ENG_SEMOOOOOOOZ ^_^\.dnx\bin;C:\Program Files\Microsoft DNX\Dnvm\;C:\Program Files\Microsoft SQL Server\120\Tools\Binn\;C:\Program Files (x86)\Windows Kits\8.1\Windows Performance Toolkit\;C:\Program Files (x86)\MiKTeX 2.9\miktex\bin\;C:\Program Files (x86)\Common Files\lenovo\easyplussdk\bin;
USERNAME=ENG_SEMOOOOOOOZ ^_^
OS=Windows_NT
PROCESSOR_IDENTIFIER=Intel64 Family 6 Model 42 Stepping 7, GenuineIntel



---------------  S Y S T E M  ---------------

OS: Windows 8.1 , 64 bit Build 9600 

CPU:total 4 (2 cores per cpu, 2 threads per core) family 6 model 42 stepping 7, cmov, cx8, fxsr, mmx, sse, sse2, sse3, ssse3, sse4.1, sse4.2, popcnt, avx, aes, clmul, ht, tsc, tscinvbit

Memory: 4k page, physical 4127088k(1151116k free), swap 6876888k(5112k free)

vm_info: Java HotSpot(TM) 64-Bit Server VM (25.31-b07) for windows-amd64 JRE (1.8.0_31-b13), built on Dec 17 2014 21:00:28 by "java_re" with MS VC++ 10.0 (VS2010)

time: Sat Jul 09 13:42:51 2016
elapsed time: 4 seconds (0d 0h 0m 4s)

